Build started 14/11/2019 09:19:10.
     1>Project "C:\Users\grigo\Desktop\BSc Games Programming\Year 1\Dangerous-Racers\CPP-SFMLTemplate\CPP-SFMLTemplate.vcxproj" on node 2 (Build target(s)).
     1>ClCompile:
         C:\Program Files (x86)\Microsoft Visual Studio 11.0\VC\bin\CL.exe /c /I"C:\SFML v2.4.0 (Win32 - Visual Studio 2012)\include" /ZI /nologo /W3 /WX- /Od /Oy- /D WIN32 /D _DEBUG /D _CONSOLE /D _UNICODE /D UNICODE /Gm /EHsc /RTC1 /MDd /GS /fp:precise /Zc:wchar_t /Zc:forScope /Fo"Debug\\" /Fd"Debug\vc110.pdb" /Gd /TP /analyze- /errorReport:prompt Collision.cpp main.cpp
         main.cpp
     1>c:\users\grigo\desktop\bsc games programming\year 1\dangerous-racers\cpp-sfmltemplate\zeoflow_sfml.h(53): warning C4244: 'argument' : conversion from 'double' to 'float', possible loss of data
     1>c:\users\grigo\desktop\bsc games programming\year 1\dangerous-racers\cpp-sfmltemplate\main.cpp(17): warning C4305: 'initializing' : truncation from 'double' to 'const float'
     1>c:\users\grigo\desktop\bsc games programming\year 1\dangerous-racers\cpp-sfmltemplate\main.cpp(72): warning C4244: 'argument' : conversion from 'time_t' to 'unsigned int', possible loss of data
     1>c:\users\grigo\desktop\bsc games programming\year 1\dangerous-racers\cpp-sfmltemplate\main.cpp(73): warning C4244: '=' : conversion from 'double' to 'float', possible loss of data
     1>c:\users\grigo\desktop\bsc games programming\year 1\dangerous-racers\cpp-sfmltemplate\main.cpp(78): warning C4244: 'argument' : conversion from 'time_t' to 'unsigned int', possible loss of data
     1>c:\users\grigo\desktop\bsc games programming\year 1\dangerous-racers\cpp-sfmltemplate\main.cpp(125): warning C4244: 'initializing' : conversion from 'int' to 'float', possible loss of data
     1>c:\users\grigo\desktop\bsc games programming\year 1\dangerous-racers\cpp-sfmltemplate\main.cpp(126): warning C4244: 'initializing' : conversion from 'int' to 'float', possible loss of data
     1>c:\users\grigo\desktop\bsc games programming\year 1\dangerous-racers\cpp-sfmltemplate\main.cpp(129): warning C4244: '+=' : conversion from 'double' to 'float', possible loss of data
     1>c:\users\grigo\desktop\bsc games programming\year 1\dangerous-racers\cpp-sfmltemplate\main.cpp(130): warning C4244: '-=' : conversion from 'double' to 'float', possible loss of data
     1>c:\users\grigo\desktop\bsc games programming\year 1\dangerous-racers\cpp-sfmltemplate\main.cpp(162): warning C4305: 'initializing' : truncation from 'double' to 'float'
     1>c:\users\grigo\desktop\bsc games programming\year 1\dangerous-racers\cpp-sfmltemplate\main.cpp(172): warning C4305: '=' : truncation from 'double' to 'float'
     1>c:\users\grigo\desktop\bsc games programming\year 1\dangerous-racers\cpp-sfmltemplate\main.cpp(173): warning C4305: '=' : truncation from 'double' to 'float'
     1>c:\users\grigo\desktop\bsc games programming\year 1\dangerous-racers\cpp-sfmltemplate\main.cpp(174): warning C4244: 'argument' : conversion from 'time_t' to 'unsigned int', possible loss of data
     1>c:\users\grigo\desktop\bsc games programming\year 1\dangerous-racers\cpp-sfmltemplate\main.cpp(207): warning C4244: 'argument' : conversion from 'time_t' to 'unsigned int', possible loss of data
     1>c:\users\grigo\desktop\bsc games programming\year 1\dangerous-racers\cpp-sfmltemplate\main.cpp(212): warning C4244: '=' : conversion from 'float' to 'int', possible loss of data
     1>c:\users\grigo\desktop\bsc games programming\year 1\dangerous-racers\cpp-sfmltemplate\main.cpp(213): warning C4244: '=' : conversion from 'float' to 'int', possible loss of data
     1>c:\users\grigo\desktop\bsc games programming\year 1\dangerous-racers\cpp-sfmltemplate\main.cpp(215): warning C4244: '+=' : conversion from 'double' to 'float', possible loss of data
     1>c:\users\grigo\desktop\bsc games programming\year 1\dangerous-racers\cpp-sfmltemplate\main.cpp(216): warning C4244: '+=' : conversion from 'double' to 'float', possible loss of data
     1>c:\users\grigo\desktop\bsc games programming\year 1\dangerous-racers\cpp-sfmltemplate\main.cpp(224): warning C4244: '=' : conversion from 'float' to 'int', possible loss of data
     1>c:\users\grigo\desktop\bsc games programming\year 1\dangerous-racers\cpp-sfmltemplate\main.cpp(225): warning C4244: '=' : conversion from 'float' to 'int', possible loss of data
     1>c:\users\grigo\desktop\bsc games programming\year 1\dangerous-racers\cpp-sfmltemplate\main.cpp(227): warning C4244: '+=' : conversion from 'double' to 'float', possible loss of data
     1>c:\users\grigo\desktop\bsc games programming\year 1\dangerous-racers\cpp-sfmltemplate\main.cpp(228): warning C4244: '+=' : conversion from 'double' to 'float', possible loss of data
     1>c:\users\grigo\desktop\bsc games programming\year 1\dangerous-racers\cpp-sfmltemplate\main.cpp(240): warning C4244: '=' : conversion from 'float' to 'int', possible loss of data
     1>c:\users\grigo\desktop\bsc games programming\year 1\dangerous-racers\cpp-sfmltemplate\main.cpp(241): warning C4244: '=' : conversion from 'float' to 'int', possible loss of data
     1>c:\users\grigo\desktop\bsc games programming\year 1\dangerous-racers\cpp-sfmltemplate\main.cpp(243): warning C4244: 'argument' : conversion from 'int' to 'float', possible loss of data
     1>c:\users\grigo\desktop\bsc games programming\year 1\dangerous-racers\cpp-sfmltemplate\main.cpp(271): warning C4305: 'argument' : truncation from 'double' to 'float'
     1>c:\users\grigo\desktop\bsc games programming\year 1\dangerous-racers\cpp-sfmltemplate\main.cpp(275): warning C4305: 'argument' : truncation from 'double' to 'float'
     1>c:\users\grigo\desktop\bsc games programming\year 1\dangerous-racers\cpp-sfmltemplate\main.cpp(280): warning C4244: '=' : conversion from 'int' to 'float', possible loss of data
     1>c:\users\grigo\desktop\bsc games programming\year 1\dangerous-racers\cpp-sfmltemplate\main.cpp(293): warning C4305: 'argument' : truncation from 'double' to 'float'
     1>c:\users\grigo\desktop\bsc games programming\year 1\dangerous-racers\cpp-sfmltemplate\main.cpp(297): warning C4244: '=' : conversion from 'int' to 'float', possible loss of data
     1>c:\users\grigo\desktop\bsc games programming\year 1\dangerous-racers\cpp-sfmltemplate\main.cpp(314): warning C4244: 'argument' : conversion from 'unsigned int' to 'float', possible loss of data
     1>c:\users\grigo\desktop\bsc games programming\year 1\dangerous-racers\cpp-sfmltemplate\main.cpp(347): warning C4305: 'argument' : truncation from 'double' to 'float'
         Collision.cpp
     1>c:\users\grigo\desktop\bsc games programming\year 1\dangerous-racers\cpp-sfmltemplate\collision.cpp(70): warning C4244: 'initializing' : conversion from 'float' to 'int', possible loss of data
     1>c:\users\grigo\desktop\bsc games programming\year 1\dangerous-racers\cpp-sfmltemplate\collision.cpp(71): warning C4244: 'initializing' : conversion from 'float' to 'int', possible loss of data
     1>c:\users\grigo\desktop\bsc games programming\year 1\dangerous-racers\cpp-sfmltemplate\collision.cpp(73): warning C4244: 'argument' : conversion from 'int' to 'float', possible loss of data
     1>c:\users\grigo\desktop\bsc games programming\year 1\dangerous-racers\cpp-sfmltemplate\collision.cpp(74): warning C4244: 'argument' : conversion from 'int' to 'float', possible loss of data
     1>c:\users\grigo\desktop\bsc games programming\year 1\dangerous-racers\cpp-sfmltemplate\collision.cpp(136): warning C4244: 'argument' : conversion from 'int' to 'float', possible loss of data
     1>c:\users\grigo\desktop\bsc games programming\year 1\dangerous-racers\cpp-sfmltemplate\collision.cpp(137): warning C4244: 'argument' : conversion from 'int' to 'float', possible loss of data
     1>c:\users\grigo\desktop\bsc games programming\year 1\dangerous-racers\cpp-sfmltemplate\collision.cpp(138): warning C4244: 'argument' : conversion from 'int' to 'float', possible loss of data
         Generating Code...
       Link:
         C:\Program Files (x86)\Microsoft Visual Studio 11.0\VC\bin\link.exe /ERRORREPORT:PROMPT /OUT:"C:\Users\grigo\Desktop\BSc Games Programming\Year 1\Dangerous-Racers\Debug\CPP-SFMLTemplate.exe" /INCREMENTAL /NOLOGO /LIBPATH:"C:\SFML v2.4.0 (Win32 - Visual Studio 2012)\lib" "sfml-system-d.lib" "sfml-graphics-d.lib" "sfml-audio-d.lib" "sfml-network-d.lib" "sfml-window-d.lib" kernel32.lib user32.lib gdi32.lib winspool.lib comdlg32.lib advapi32.lib shell32.lib ole32.lib oleaut32.lib uuid.lib odbc32.lib odbccp32.lib kernel32.lib user32.lib gdi32.lib winspool.lib comdlg32.lib advapi32.lib shell32.lib ole32.lib oleaut32.lib uuid.lib odbc32.lib odbccp32.lib /MANIFEST /MANIFESTUAC:"level='asInvoker' uiAccess='false'" /manifest:embed /DEBUG /PDB:"C:\Users\grigo\Desktop\BSc Games Programming\Year 1\Dangerous-Racers\Debug\CPP-SFMLTemplate.pdb" /SUBSYSTEM:CONSOLE /TLBID:1 /DYNAMICBASE /NXCOMPAT /IMPLIB:"C:\Users\grigo\Desktop\BSc Games Programming\Year 1\Dangerous-Racers\Debug\CPP-SFMLTemplate.lib" /MACHINE:X86 Debug\Collision.obj
         Debug\main.obj
         CPP-SFMLTemplate.vcxproj -> C:\Users\grigo\Desktop\BSc Games Programming\Year 1\Dangerous-Racers\Debug\CPP-SFMLTemplate.exe
     1>Done Building Project "C:\Users\grigo\Desktop\BSc Games Programming\Year 1\Dangerous-Racers\CPP-SFMLTemplate\CPP-SFMLTemplate.vcxproj" (Build target(s)).

Build succeeded.

Time Elapsed 00:00:05.69
