Build started 19/01/2020 19:30:35.
     1>Project "C:\Users\grigo\Desktop\BSc Games Programming\Year 1\Dangerous-Racers\CPP-SFMLTemplate\CPP-SFMLTemplate.vcxproj" on node 2 (Build target(s)).
     1>ClCompile:
         C:\Program Files (x86)\Microsoft Visual Studio 11.0\VC\bin\CL.exe /c /I"C:\SFML v2.4.0 (Win32 - Visual Studio 2012)\include" /ZI /nologo /W3 /WX- /Od /Oy- /D WIN32 /D _DEBUG /D _CONSOLE /D _UNICODE /D UNICODE /Gm /EHsc /RTC1 /MDd /GS /fp:precise /Zc:wchar_t /Zc:forScope /Fo"Debug\\" /Fd"Debug\vc110.pdb" /Gd /TP /analyze- /errorReport:prompt main.cpp
         main.cpp
     1>c:\users\grigo\desktop\bsc games programming\year 1\dangerous-racers\cpp-sfmltemplate\zeoflow_sfml.h(94): warning C4244: 'argument' : conversion from 'double' to 'float', possible loss of data
     1>c:\users\grigo\desktop\bsc games programming\year 1\dangerous-racers\cpp-sfmltemplate\zeoflow_sfml.h(113): warning C4244: 'argument' : conversion from 'int' to 'float', possible loss of data
     1>c:\users\grigo\desktop\bsc games programming\year 1\dangerous-racers\cpp-sfmltemplate\md2.h(112): warning C4244: 'argument' : conversion from 'int' to 'float', possible loss of data
     1>c:\users\grigo\desktop\bsc games programming\year 1\dangerous-racers\cpp-sfmltemplate\md2.h(123): warning C4244: 'argument' : conversion from 'int' to 'float', possible loss of data
     1>c:\users\grigo\desktop\bsc games programming\year 1\dangerous-racers\cpp-sfmltemplate\md2.h(147): warning C4244: 'argument' : conversion from 'int' to 'float', possible loss of data
     1>c:\users\grigo\desktop\bsc games programming\year 1\dangerous-racers\cpp-sfmltemplate\md2.h(150): warning C4244: 'argument' : conversion from 'float' to 'int', possible loss of data
     1>c:\users\grigo\desktop\bsc games programming\year 1\dangerous-racers\cpp-sfmltemplate\md2.h(150): warning C4244: 'argument' : conversion from 'const float' to 'int', possible loss of data
     1>c:\users\grigo\desktop\bsc games programming\year 1\dangerous-racers\cpp-sfmltemplate\md2.h(153): warning C4244: 'argument' : conversion from 'int' to 'float', possible loss of data
     1>c:\users\grigo\desktop\bsc games programming\year 1\dangerous-racers\cpp-sfmltemplate\md2.h(154): warning C4244: 'argument' : conversion from 'int' to 'float', possible loss of data
     1>c:\users\grigo\desktop\bsc games programming\year 1\dangerous-racers\cpp-sfmltemplate\md2.h(157): warning C4244: 'argument' : conversion from 'int' to 'float', possible loss of data
     1>c:\users\grigo\desktop\bsc games programming\year 1\dangerous-racers\cpp-sfmltemplate\md2.h(158): warning C4244: 'argument' : conversion from 'int' to 'float', possible loss of data
     1>c:\users\grigo\desktop\bsc games programming\year 1\dangerous-racers\cpp-sfmltemplate\md2.h(172): warning C4244: 'argument' : conversion from 'float' to 'int', possible loss of data
     1>c:\users\grigo\desktop\bsc games programming\year 1\dangerous-racers\cpp-sfmltemplate\md2.h(172): warning C4244: 'argument' : conversion from 'const float' to 'int', possible loss of data
     1>c:\users\grigo\desktop\bsc games programming\year 1\dangerous-racers\cpp-sfmltemplate\md2.h(185): warning C4244: 'argument' : conversion from 'float' to 'int', possible loss of data
     1>c:\users\grigo\desktop\bsc games programming\year 1\dangerous-racers\cpp-sfmltemplate\md2.h(185): warning C4244: 'argument' : conversion from 'const float' to 'int', possible loss of data
     1>c:\users\grigo\desktop\bsc games programming\year 1\dangerous-racers\cpp-sfmltemplate\main.cpp(37): warning C4305: 'initializing' : truncation from 'double' to 'const float'
     1>c:\users\grigo\desktop\bsc games programming\year 1\dangerous-racers\cpp-sfmltemplate\main.cpp(51): warning C4305: 'initializing' : truncation from 'double' to 'float'
     1>c:\users\grigo\desktop\bsc games programming\year 1\dangerous-racers\cpp-sfmltemplate\main.cpp(320): warning C4244: 'argument' : conversion from 'time_t' to 'unsigned int', possible loss of data
     1>c:\users\grigo\desktop\bsc games programming\year 1\dangerous-racers\cpp-sfmltemplate\main.cpp(321): warning C4244: '=' : conversion from 'double' to 'float', possible loss of data
     1>c:\users\grigo\desktop\bsc games programming\year 1\dangerous-racers\cpp-sfmltemplate\main.cpp(327): warning C4244: 'argument' : conversion from 'time_t' to 'unsigned int', possible loss of data
     1>c:\users\grigo\desktop\bsc games programming\year 1\dangerous-racers\cpp-sfmltemplate\main.cpp(455): warning C4244: '=' : conversion from 'int' to 'float', possible loss of data
     1>c:\users\grigo\desktop\bsc games programming\year 1\dangerous-racers\cpp-sfmltemplate\main.cpp(456): warning C4244: '=' : conversion from 'int' to 'float', possible loss of data
     1>c:\users\grigo\desktop\bsc games programming\year 1\dangerous-racers\cpp-sfmltemplate\main.cpp(460): warning C4244: '=' : conversion from 'int' to 'float', possible loss of data
     1>c:\users\grigo\desktop\bsc games programming\year 1\dangerous-racers\cpp-sfmltemplate\main.cpp(461): warning C4244: '=' : conversion from 'int' to 'float', possible loss of data
     1>c:\users\grigo\desktop\bsc games programming\year 1\dangerous-racers\cpp-sfmltemplate\main.cpp(465): warning C4244: '=' : conversion from 'int' to 'float', possible loss of data
     1>c:\users\grigo\desktop\bsc games programming\year 1\dangerous-racers\cpp-sfmltemplate\main.cpp(466): warning C4244: '=' : conversion from 'int' to 'float', possible loss of data
     1>c:\users\grigo\desktop\bsc games programming\year 1\dangerous-racers\cpp-sfmltemplate\main.cpp(471): warning C4244: '+=' : conversion from 'double' to 'float', possible loss of data
     1>c:\users\grigo\desktop\bsc games programming\year 1\dangerous-racers\cpp-sfmltemplate\main.cpp(472): warning C4244: '-=' : conversion from 'double' to 'float', possible loss of data
     1>c:\users\grigo\desktop\bsc games programming\year 1\dangerous-racers\cpp-sfmltemplate\main.cpp(514): warning C4244: 'argument' : conversion from 'time_t' to 'unsigned int', possible loss of data
     1>c:\users\grigo\desktop\bsc games programming\year 1\dangerous-racers\cpp-sfmltemplate\main.cpp(524): warning C4244: 'argument' : conversion from 'time_t' to 'unsigned int', possible loss of data
     1>c:\users\grigo\desktop\bsc games programming\year 1\dangerous-racers\cpp-sfmltemplate\main.cpp(529): warning C4244: '=' : conversion from 'int' to 'float', possible loss of data
     1>c:\users\grigo\desktop\bsc games programming\year 1\dangerous-racers\cpp-sfmltemplate\main.cpp(530): warning C4244: '=' : conversion from 'int' to 'float', possible loss of data
     1>c:\users\grigo\desktop\bsc games programming\year 1\dangerous-racers\cpp-sfmltemplate\main.cpp(536): warning C4244: '=' : conversion from 'int' to 'float', possible loss of data
     1>c:\users\grigo\desktop\bsc games programming\year 1\dangerous-racers\cpp-sfmltemplate\main.cpp(537): warning C4244: '=' : conversion from 'int' to 'float', possible loss of data
     1>c:\users\grigo\desktop\bsc games programming\year 1\dangerous-racers\cpp-sfmltemplate\main.cpp(543): warning C4244: '=' : conversion from 'int' to 'float', possible loss of data
     1>c:\users\grigo\desktop\bsc games programming\year 1\dangerous-racers\cpp-sfmltemplate\main.cpp(544): warning C4244: '=' : conversion from 'int' to 'float', possible loss of data
     1>c:\users\grigo\desktop\bsc games programming\year 1\dangerous-racers\cpp-sfmltemplate\main.cpp(621): warning C4244: 'argument' : conversion from 'int' to 'float', possible loss of data
     1>c:\users\grigo\desktop\bsc games programming\year 1\dangerous-racers\cpp-sfmltemplate\main.cpp(635): warning C4996: 'sf::Text::setColor': was declared deprecated
                 c:\sfml v2.4.0 (win32 - visual studio 2012)\include\sfml\graphics\text.hpp(177) : see declaration of 'sf::Text::setColor'
     1>c:\users\grigo\desktop\bsc games programming\year 1\dangerous-racers\cpp-sfmltemplate\main.cpp(661): warning C4305: 'initializing' : truncation from 'double' to 'float'
     1>c:\users\grigo\desktop\bsc games programming\year 1\dangerous-racers\cpp-sfmltemplate\main.cpp(662): warning C4305: 'initializing' : truncation from 'double' to 'float'
     1>c:\users\grigo\desktop\bsc games programming\year 1\dangerous-racers\cpp-sfmltemplate\main.cpp(664): warning C4244: 'argument' : conversion from 'time_t' to 'unsigned int', possible loss of data
     1>c:\users\grigo\desktop\bsc games programming\year 1\dangerous-racers\cpp-sfmltemplate\main.cpp(670): warning C4305: '=' : truncation from 'double' to 'float'
     1>c:\users\grigo\desktop\bsc games programming\year 1\dangerous-racers\cpp-sfmltemplate\main.cpp(675): warning C4305: '=' : truncation from 'double' to 'float'
     1>c:\users\grigo\desktop\bsc games programming\year 1\dangerous-racers\cpp-sfmltemplate\main.cpp(689): warning C4305: '=' : truncation from 'double' to 'float'
     1>c:\users\grigo\desktop\bsc games programming\year 1\dangerous-racers\cpp-sfmltemplate\main.cpp(690): warning C4305: '-=' : truncation from 'double' to 'float'
     1>c:\users\grigo\desktop\bsc games programming\year 1\dangerous-racers\cpp-sfmltemplate\main.cpp(694): warning C4305: '=' : truncation from 'double' to 'float'
     1>c:\users\grigo\desktop\bsc games programming\year 1\dangerous-racers\cpp-sfmltemplate\main.cpp(695): warning C4305: '-=' : truncation from 'double' to 'float'
     1>c:\users\grigo\desktop\bsc games programming\year 1\dangerous-racers\cpp-sfmltemplate\main.cpp(699): warning C4305: '-=' : truncation from 'double' to 'float'
     1>c:\users\grigo\desktop\bsc games programming\year 1\dangerous-racers\cpp-sfmltemplate\main.cpp(797): warning C4244: 'argument' : conversion from 'time_t' to 'unsigned int', possible loss of data
     1>c:\users\grigo\desktop\bsc games programming\year 1\dangerous-racers\cpp-sfmltemplate\main.cpp(807): warning C4244: '=' : conversion from 'float' to 'int', possible loss of data
     1>c:\users\grigo\desktop\bsc games programming\year 1\dangerous-racers\cpp-sfmltemplate\main.cpp(808): warning C4244: '=' : conversion from 'float' to 'int', possible loss of data
     1>c:\users\grigo\desktop\bsc games programming\year 1\dangerous-racers\cpp-sfmltemplate\main.cpp(811): warning C4244: '+=' : conversion from 'double' to 'float', possible loss of data
     1>c:\users\grigo\desktop\bsc games programming\year 1\dangerous-racers\cpp-sfmltemplate\main.cpp(812): warning C4244: '+=' : conversion from 'double' to 'float', possible loss of data
     1>c:\users\grigo\desktop\bsc games programming\year 1\dangerous-racers\cpp-sfmltemplate\main.cpp(818): warning C4244: '=' : conversion from 'double' to 'int', possible loss of data
     1>c:\users\grigo\desktop\bsc games programming\year 1\dangerous-racers\cpp-sfmltemplate\main.cpp(819): warning C4244: '=' : conversion from 'double' to 'int', possible loss of data
     1>c:\users\grigo\desktop\bsc games programming\year 1\dangerous-racers\cpp-sfmltemplate\main.cpp(831): warning C4244: '=' : conversion from 'float' to 'int', possible loss of data
     1>c:\users\grigo\desktop\bsc games programming\year 1\dangerous-racers\cpp-sfmltemplate\main.cpp(832): warning C4244: '=' : conversion from 'float' to 'int', possible loss of data
     1>c:\users\grigo\desktop\bsc games programming\year 1\dangerous-racers\cpp-sfmltemplate\main.cpp(835): warning C4244: '+=' : conversion from 'double' to 'float', possible loss of data
     1>c:\users\grigo\desktop\bsc games programming\year 1\dangerous-racers\cpp-sfmltemplate\main.cpp(836): warning C4244: '+=' : conversion from 'double' to 'float', possible loss of data
     1>c:\users\grigo\desktop\bsc games programming\year 1\dangerous-racers\cpp-sfmltemplate\main.cpp(874): warning C4244: '=' : conversion from 'float' to 'int', possible loss of data
     1>c:\users\grigo\desktop\bsc games programming\year 1\dangerous-racers\cpp-sfmltemplate\main.cpp(878): warning C4244: '=' : conversion from 'float' to 'int', possible loss of data
     1>c:\users\grigo\desktop\bsc games programming\year 1\dangerous-racers\cpp-sfmltemplate\main.cpp(885): warning C4244: '=' : conversion from 'float' to 'int', possible loss of data
     1>c:\users\grigo\desktop\bsc games programming\year 1\dangerous-racers\cpp-sfmltemplate\main.cpp(889): warning C4244: '=' : conversion from 'float' to 'int', possible loss of data
     1>c:\users\grigo\desktop\bsc games programming\year 1\dangerous-racers\cpp-sfmltemplate\main.cpp(896): warning C4244: '=' : conversion from 'float' to 'int', possible loss of data
     1>c:\users\grigo\desktop\bsc games programming\year 1\dangerous-racers\cpp-sfmltemplate\main.cpp(900): warning C4244: '=' : conversion from 'float' to 'int', possible loss of data
     1>c:\users\grigo\desktop\bsc games programming\year 1\dangerous-racers\cpp-sfmltemplate\main.cpp(911): warning C4244: 'argument' : conversion from 'int' to 'float', possible loss of data
     1>c:\users\grigo\desktop\bsc games programming\year 1\dangerous-racers\cpp-sfmltemplate\main.cpp(915): warning C4244: 'argument' : conversion from 'int' to 'float', possible loss of data
     1>c:\users\grigo\desktop\bsc games programming\year 1\dangerous-racers\cpp-sfmltemplate\main.cpp(944): warning C4244: 'argument' : conversion from 'int' to 'float', possible loss of data
     1>c:\users\grigo\desktop\bsc games programming\year 1\dangerous-racers\cpp-sfmltemplate\main.cpp(946): warning C4244: 'argument' : conversion from 'int' to 'float', possible loss of data
     1>c:\users\grigo\desktop\bsc games programming\year 1\dangerous-racers\cpp-sfmltemplate\main.cpp(954): warning C4244: 'argument' : conversion from 'int' to 'float', possible loss of data
     1>c:\users\grigo\desktop\bsc games programming\year 1\dangerous-racers\cpp-sfmltemplate\main.cpp(956): warning C4244: 'argument' : conversion from 'int' to 'float', possible loss of data
     1>c:\users\grigo\desktop\bsc games programming\year 1\dangerous-racers\cpp-sfmltemplate\main.cpp(964): warning C4244: 'argument' : conversion from 'int' to 'float', possible loss of data
     1>c:\users\grigo\desktop\bsc games programming\year 1\dangerous-racers\cpp-sfmltemplate\main.cpp(966): warning C4244: 'argument' : conversion from 'int' to 'float', possible loss of data
     1>c:\users\grigo\desktop\bsc games programming\year 1\dangerous-racers\cpp-sfmltemplate\main.cpp(1023): warning C4996: 'sf::Text::setColor': was declared deprecated
                 c:\sfml v2.4.0 (win32 - visual studio 2012)\include\sfml\graphics\text.hpp(177) : see declaration of 'sf::Text::setColor'
     1>c:\users\grigo\desktop\bsc games programming\year 1\dangerous-racers\cpp-sfmltemplate\main.cpp(1025): warning C4244: 'argument' : conversion from 'unsigned int' to 'float', possible loss of data
     1>c:\users\grigo\desktop\bsc games programming\year 1\dangerous-racers\cpp-sfmltemplate\main.cpp(1033): warning C4996: 'sf::Text::setColor': was declared deprecated
                 c:\sfml v2.4.0 (win32 - visual studio 2012)\include\sfml\graphics\text.hpp(177) : see declaration of 'sf::Text::setColor'
     1>c:\users\grigo\desktop\bsc games programming\year 1\dangerous-racers\cpp-sfmltemplate\main.cpp(1035): warning C4244: 'argument' : conversion from 'unsigned int' to 'float', possible loss of data
     1>c:\users\grigo\desktop\bsc games programming\year 1\dangerous-racers\cpp-sfmltemplate\main.cpp(1052): warning C4996: 'sf::Text::setColor': was declared deprecated
                 c:\sfml v2.4.0 (win32 - visual studio 2012)\include\sfml\graphics\text.hpp(177) : see declaration of 'sf::Text::setColor'
     1>c:\users\grigo\desktop\bsc games programming\year 1\dangerous-racers\cpp-sfmltemplate\main.cpp(1054): warning C4244: 'argument' : conversion from 'unsigned int' to 'float', possible loss of data
     1>c:\users\grigo\desktop\bsc games programming\year 1\dangerous-racers\cpp-sfmltemplate\main.cpp(1065): warning C4996: 'sf::Text::setColor': was declared deprecated
                 c:\sfml v2.4.0 (win32 - visual studio 2012)\include\sfml\graphics\text.hpp(177) : see declaration of 'sf::Text::setColor'
     1>c:\users\grigo\desktop\bsc games programming\year 1\dangerous-racers\cpp-sfmltemplate\main.cpp(1067): warning C4244: 'argument' : conversion from 'unsigned int' to 'float', possible loss of data
     1>c:\users\grigo\desktop\bsc games programming\year 1\dangerous-racers\cpp-sfmltemplate\main.cpp(1077): warning C4996: 'sf::Text::setColor': was declared deprecated
                 c:\sfml v2.4.0 (win32 - visual studio 2012)\include\sfml\graphics\text.hpp(177) : see declaration of 'sf::Text::setColor'
     1>c:\users\grigo\desktop\bsc games programming\year 1\dangerous-racers\cpp-sfmltemplate\main.cpp(1079): warning C4244: 'argument' : conversion from 'unsigned int' to 'float', possible loss of data
     1>c:\users\grigo\desktop\bsc games programming\year 1\dangerous-racers\cpp-sfmltemplate\main.cpp(1089): warning C4996: 'sf::Text::setColor': was declared deprecated
                 c:\sfml v2.4.0 (win32 - visual studio 2012)\include\sfml\graphics\text.hpp(177) : see declaration of 'sf::Text::setColor'
     1>c:\users\grigo\desktop\bsc games programming\year 1\dangerous-racers\cpp-sfmltemplate\main.cpp(1091): warning C4244: 'argument' : conversion from 'unsigned int' to 'float', possible loss of data
     1>c:\users\grigo\desktop\bsc games programming\year 1\dangerous-racers\cpp-sfmltemplate\main.cpp(1102): warning C4244: 'initializing' : conversion from 'float' to 'int', possible loss of data
     1>c:\users\grigo\desktop\bsc games programming\year 1\dangerous-racers\cpp-sfmltemplate\main.cpp(1103): warning C4244: 'initializing' : conversion from 'float' to 'int', possible loss of data
     1>c:\users\grigo\desktop\bsc games programming\year 1\dangerous-racers\cpp-sfmltemplate\main.cpp(1106): warning C4305: 'argument' : truncation from 'double' to 'float'
     1>c:\users\grigo\desktop\bsc games programming\year 1\dangerous-racers\cpp-sfmltemplate\main.cpp(1110): warning C4244: 'initializing' : conversion from 'float' to 'int', possible loss of data
     1>c:\users\grigo\desktop\bsc games programming\year 1\dangerous-racers\cpp-sfmltemplate\main.cpp(1111): warning C4244: 'initializing' : conversion from 'float' to 'int', possible loss of data
     1>c:\users\grigo\desktop\bsc games programming\year 1\dangerous-racers\cpp-sfmltemplate\main.cpp(1112): warning C4244: 'initializing' : conversion from 'float' to 'int', possible loss of data
     1>c:\users\grigo\desktop\bsc games programming\year 1\dangerous-racers\cpp-sfmltemplate\main.cpp(1113): warning C4244: 'initializing' : conversion from 'float' to 'int', possible loss of data
     1>c:\users\grigo\desktop\bsc games programming\year 1\dangerous-racers\cpp-sfmltemplate\main.cpp(1155): warning C4244: '=' : conversion from 'float' to 'int', possible loss of data
     1>c:\users\grigo\desktop\bsc games programming\year 1\dangerous-racers\cpp-sfmltemplate\main.cpp(1168): warning C4996: 'sf::Text::setColor': was declared deprecated
                 c:\sfml v2.4.0 (win32 - visual studio 2012)\include\sfml\graphics\text.hpp(177) : see declaration of 'sf::Text::setColor'
     1>c:\users\grigo\desktop\bsc games programming\year 1\dangerous-racers\cpp-sfmltemplate\main.cpp(1180): warning C4996: 'sf::Text::setColor': was declared deprecated
                 c:\sfml v2.4.0 (win32 - visual studio 2012)\include\sfml\graphics\text.hpp(177) : see declaration of 'sf::Text::setColor'
     1>c:\users\grigo\desktop\bsc games programming\year 1\dangerous-racers\cpp-sfmltemplate\main.cpp(1189): warning C4996: 'sf::Text::setColor': was declared deprecated
                 c:\sfml v2.4.0 (win32 - visual studio 2012)\include\sfml\graphics\text.hpp(177) : see declaration of 'sf::Text::setColor'
     1>c:\users\grigo\desktop\bsc games programming\year 1\dangerous-racers\cpp-sfmltemplate\main.cpp(1197): warning C4244: 'argument' : conversion from 'unsigned int' to 'float', possible loss of data
     1>c:\users\grigo\desktop\bsc games programming\year 1\dangerous-racers\cpp-sfmltemplate\main.cpp(1207): warning C4996: 'sf::Text::setColor': was declared deprecated
                 c:\sfml v2.4.0 (win32 - visual studio 2012)\include\sfml\graphics\text.hpp(177) : see declaration of 'sf::Text::setColor'
     1>c:\users\grigo\desktop\bsc games programming\year 1\dangerous-racers\cpp-sfmltemplate\main.cpp(1209): warning C4244: 'argument' : conversion from 'unsigned int' to 'float', possible loss of data
     1>c:\users\grigo\desktop\bsc games programming\year 1\dangerous-racers\cpp-sfmltemplate\main.cpp(1217): warning C4996: 'sf::Text::setColor': was declared deprecated
                 c:\sfml v2.4.0 (win32 - visual studio 2012)\include\sfml\graphics\text.hpp(177) : see declaration of 'sf::Text::setColor'
     1>c:\users\grigo\desktop\bsc games programming\year 1\dangerous-racers\cpp-sfmltemplate\main.cpp(1219): warning C4244: 'argument' : conversion from 'unsigned int' to 'float', possible loss of data
     1>c:\users\grigo\desktop\bsc games programming\year 1\dangerous-racers\cpp-sfmltemplate\main.cpp(1227): warning C4244: 'argument' : conversion from 'unsigned int' to 'float', possible loss of data
     1>c:\users\grigo\desktop\bsc games programming\year 1\dangerous-racers\cpp-sfmltemplate\main.cpp(1230): warning C4244: 'argument' : conversion from 'float' to 'int', possible loss of data
     1>c:\users\grigo\desktop\bsc games programming\year 1\dangerous-racers\cpp-sfmltemplate\main.cpp(1230): warning C4244: 'argument' : conversion from 'const float' to 'int', possible loss of data
     1>c:\users\grigo\desktop\bsc games programming\year 1\dangerous-racers\cpp-sfmltemplate\main.cpp(1262): warning C4244: 'argument' : conversion from 'unsigned int' to 'float', possible loss of data
     1>c:\users\grigo\desktop\bsc games programming\year 1\dangerous-racers\cpp-sfmltemplate\main.cpp(1310): warning C4244: 'argument' : conversion from 'unsigned int' to 'float', possible loss of data
     1>c:\users\grigo\desktop\bsc games programming\year 1\dangerous-racers\cpp-sfmltemplate\main.cpp(1317): warning C4244: 'argument' : conversion from 'unsigned int' to 'float', possible loss of data
     1>c:\users\grigo\desktop\bsc games programming\year 1\dangerous-racers\cpp-sfmltemplate\main.cpp(1320): warning C4244: 'argument' : conversion from 'float' to 'int', possible loss of data
     1>c:\users\grigo\desktop\bsc games programming\year 1\dangerous-racers\cpp-sfmltemplate\main.cpp(1320): warning C4244: 'argument' : conversion from 'const float' to 'int', possible loss of data
     1>c:\users\grigo\desktop\bsc games programming\year 1\dangerous-racers\cpp-sfmltemplate\main.cpp(1359): warning C4244: 'argument' : conversion from 'unsigned int' to 'float', possible loss of data
     1>c:\users\grigo\desktop\bsc games programming\year 1\dangerous-racers\cpp-sfmltemplate\main.cpp(1367): warning C4305: 'argument' : truncation from 'double' to 'float'
     1>c:\users\grigo\desktop\bsc games programming\year 1\dangerous-racers\cpp-sfmltemplate\main.cpp(1369): warning C4244: 'argument' : conversion from 'unsigned int' to 'float', possible loss of data
     1>c:\users\grigo\desktop\bsc games programming\year 1\dangerous-racers\cpp-sfmltemplate\main.cpp(1369): warning C4244: 'argument' : conversion from 'double' to 'float', possible loss of data
     1>c:\users\grigo\desktop\bsc games programming\year 1\dangerous-racers\cpp-sfmltemplate\main.cpp(1377): warning C4305: 'argument' : truncation from 'double' to 'float'
     1>c:\users\grigo\desktop\bsc games programming\year 1\dangerous-racers\cpp-sfmltemplate\main.cpp(1379): warning C4244: 'argument' : conversion from 'unsigned int' to 'float', possible loss of data
     1>c:\users\grigo\desktop\bsc games programming\year 1\dangerous-racers\cpp-sfmltemplate\main.cpp(1396): warning C4244: 'argument' : conversion from 'unsigned int' to 'float', possible loss of data
     1>c:\users\grigo\desktop\bsc games programming\year 1\dangerous-racers\cpp-sfmltemplate\main.cpp(1403): warning C4244: 'argument' : conversion from 'unsigned int' to 'float', possible loss of data
     1>c:\users\grigo\desktop\bsc games programming\year 1\dangerous-racers\cpp-sfmltemplate\main.cpp(1406): warning C4244: 'argument' : conversion from 'float' to 'int', possible loss of data
     1>c:\users\grigo\desktop\bsc games programming\year 1\dangerous-racers\cpp-sfmltemplate\main.cpp(1406): warning C4244: 'argument' : conversion from 'const float' to 'int', possible loss of data
     1>c:\users\grigo\desktop\bsc games programming\year 1\dangerous-racers\cpp-sfmltemplate\main.cpp(1448): warning C4244: 'argument' : conversion from 'time_t' to 'unsigned int', possible loss of data
     1>c:\users\grigo\desktop\bsc games programming\year 1\dangerous-racers\cpp-sfmltemplate\main.cpp(1455): warning C4244: '=' : conversion from 'int' to 'float', possible loss of data
     1>c:\users\grigo\desktop\bsc games programming\year 1\dangerous-racers\cpp-sfmltemplate\main.cpp(1478): warning C4305: 'argument' : truncation from 'double' to 'float'
     1>c:\users\grigo\desktop\bsc games programming\year 1\dangerous-racers\cpp-sfmltemplate\main.cpp(1483): warning C4244: '=' : conversion from 'int' to 'float', possible loss of data
     1>c:\users\grigo\desktop\bsc games programming\year 1\dangerous-racers\cpp-sfmltemplate\main.cpp(1493): warning C4244: '=' : conversion from 'int' to 'float', possible loss of data
     1>c:\users\grigo\desktop\bsc games programming\year 1\dangerous-racers\cpp-sfmltemplate\main.cpp(1521): warning C4305: '=' : truncation from 'double' to 'float'
     1>c:\users\grigo\desktop\bsc games programming\year 1\dangerous-racers\cpp-sfmltemplate\main.cpp(1525): warning C4244: '=' : conversion from 'int' to 'float', possible loss of data
     1>c:\users\grigo\desktop\bsc games programming\year 1\dangerous-racers\cpp-sfmltemplate\main.cpp(1563): warning C4244: 'argument' : conversion from 'unsigned int' to 'float', possible loss of data
     1>c:\users\grigo\desktop\bsc games programming\year 1\dangerous-racers\cpp-sfmltemplate\main.cpp(1571): warning C4244: 'argument' : conversion from 'unsigned int' to 'float', possible loss of data
     1>c:\users\grigo\desktop\bsc games programming\year 1\dangerous-racers\cpp-sfmltemplate\main.cpp(1574): warning C4244: 'argument' : conversion from 'float' to 'int', possible loss of data
     1>c:\users\grigo\desktop\bsc games programming\year 1\dangerous-racers\cpp-sfmltemplate\main.cpp(1574): warning C4244: 'argument' : conversion from 'const float' to 'int', possible loss of data
     1>c:\users\grigo\desktop\bsc games programming\year 1\dangerous-racers\cpp-sfmltemplate\main.cpp(1658): warning C4305: 'argument' : truncation from 'double' to 'float'
     1>c:\users\grigo\desktop\bsc games programming\year 1\dangerous-racers\cpp-sfmltemplate\main.cpp(1662): warning C4305: 'argument' : truncation from 'double' to 'float'
     1>c:\users\grigo\desktop\bsc games programming\year 1\dangerous-racers\cpp-sfmltemplate\main.cpp(1666): warning C4305: 'argument' : truncation from 'double' to 'float'
     1>c:\users\grigo\desktop\bsc games programming\year 1\dangerous-racers\cpp-sfmltemplate\main.cpp(1670): warning C4305: 'argument' : truncation from 'double' to 'float'
     1>c:\users\grigo\desktop\bsc games programming\year 1\dangerous-racers\cpp-sfmltemplate\main.cpp(1673): warning C4305: 'argument' : truncation from 'double' to 'float'
     1>c:\users\grigo\desktop\bsc games programming\year 1\dangerous-racers\cpp-sfmltemplate\main.cpp(1676): warning C4305: 'argument' : truncation from 'double' to 'float'
     1>c:\users\grigo\desktop\bsc games programming\year 1\dangerous-racers\cpp-sfmltemplate\main.cpp(1679): warning C4305: 'argument' : truncation from 'double' to 'float'
     1>c:\users\grigo\desktop\bsc games programming\year 1\dangerous-racers\cpp-sfmltemplate\main.cpp(1700): warning C4244: 'argument' : conversion from 'unsigned int' to 'float', possible loss of data
     1>c:\users\grigo\desktop\bsc games programming\year 1\dangerous-racers\cpp-sfmltemplate\main.cpp(1737): warning C4305: 'argument' : truncation from 'double' to 'float'
       Link:
         C:\Program Files (x86)\Microsoft Visual Studio 11.0\VC\bin\link.exe /ERRORREPORT:PROMPT /OUT:"C:\Users\grigo\Desktop\BSc Games Programming\Year 1\Dangerous-Racers\Debug\CPP-SFMLTemplate.exe" /INCREMENTAL /NOLOGO /LIBPATH:"C:\SFML v2.4.0 (Win32 - Visual Studio 2012)\lib" "sfml-system-d.lib" "sfml-graphics-d.lib" "sfml-audio-d.lib" "sfml-network-d.lib" "sfml-window-d.lib" kernel32.lib user32.lib gdi32.lib winspool.lib comdlg32.lib advapi32.lib shell32.lib ole32.lib oleaut32.lib uuid.lib odbc32.lib odbccp32.lib kernel32.lib user32.lib gdi32.lib winspool.lib comdlg32.lib advapi32.lib shell32.lib ole32.lib oleaut32.lib uuid.lib odbc32.lib odbccp32.lib /MANIFEST /MANIFESTUAC:"level='asInvoker' uiAccess='false'" /manifest:embed /DEBUG /PDB:"C:\Users\grigo\Desktop\BSc Games Programming\Year 1\Dangerous-Racers\Debug\CPP-SFMLTemplate.pdb" /SUBSYSTEM:CONSOLE /TLBID:1 /DYNAMICBASE /NXCOMPAT /IMPLIB:"C:\Users\grigo\Desktop\BSc Games Programming\Year 1\Dangerous-Racers\Debug\CPP-SFMLTemplate.lib" /MACHINE:X86 Debug\Collision.obj
         Debug\main.obj
         CPP-SFMLTemplate.vcxproj -> C:\Users\grigo\Desktop\BSc Games Programming\Year 1\Dangerous-Racers\Debug\CPP-SFMLTemplate.exe
     1>Done Building Project "C:\Users\grigo\Desktop\BSc Games Programming\Year 1\Dangerous-Racers\CPP-SFMLTemplate\CPP-SFMLTemplate.vcxproj" (Build target(s)).

Build succeeded.

Time Elapsed 00:00:05.95
